<?xml version="1.0" encoding="UTF-8"?>
<!-- Generated by org.testng.reporters.JUnitReportReporter -->
<testsuite hostname="Its-PC" failures="0" tests="5" name="com.LoginTests" time="0.017" errors="0" timestamp="2025-04-25T09:37:28 IST" skipped="0">
  <testcase classname="com.LoginTests" name="testMethod" time="0.008"/>
  <testcase classname="com.LoginTests" name="loginWithValidCredentials" time="0.006"/>
  <testcase classname="com.LoginTests" name="testLogin" time="0.001"/>
  <testcase classname="com.LoginTests" name="testLogin" time="0.001"/>
  <testcase classname="com.LoginTests" name="loginWithInvalidCredentials" time="0.001"/>
</testsuite> <!-- com.LoginTests -->
